# JRE version: Java(TM) SE Runtime Environment (19.0.2+7) (build 19.0.2+7-44)
# Java VM: Java HotSpot(TM) 64-Bit Server VM (19.0.2+7-44, mixed mode, emulated-client, sharing, tiered, compressed oops, compressed class ptrs, g1 gc, windows-amd64)
GC Precious Log:
 CardTable entry size: 512
 Card Set container configuration: InlinePtr #cards 5 size 8 Array Of Cards #cards 12 size 40 Howl #buckets 4 coarsen threshold 1843 Howl Bitmap #cards 512 size 80 coarsen threshold 460 Card regions per heap region 1 cards per card region 2048
 CPUs: 8 total, 8 available
 Memory: 7883M
 Large Page Support: Disabled
 NUMA Support: Disabled
 Compressed Oops: Enabled (32-bit)
 Heap Region Size: 1M
 Heap Min Capacity: 8M
 Heap Initial Capacity: 124M
 Heap Max Capacity: 1972M
 Pre-touch: Disabled
 Parallel Workers: 8
 Concurrent Workers: 2
 Concurrent Refinement Workers: 8
 Periodic GC: Disabled
Heap:
 garbage-first heap   total 157696K, used 83705K [0x0000000084c00000, 0x0000000100000000)
  region size 1024K, 4 young (4096K), 4 survivors (4096K)
 Metaspace       used 67381K, committed 68160K, reserved 1114112K
  class space    used 9387K, committed 9728K, reserved 1048576K
GC Heap History (20 events):
Event: 5.127 GC heap after
{Heap after GC invocations=13 (full 0):
 garbage-first heap   total 71680K, used 23492K [0x0000000084c00000, 0x0000000100000000)
  region size 1024K, 2 young (2048K), 2 survivors (2048K)
 Metaspace       used 50873K, committed 51520K, reserved 1114112K
  class space    used 7060K, committed 7360K, reserved 1048576K
}
Event: 5.505 GC heap before
{Heap before GC invocations=13 (full 0):
 garbage-first heap   total 71680K, used 55236K [0x0000000084c00000, 0x0000000100000000)
  region size 1024K, 33 young (33792K), 2 survivors (2048K)
 Metaspace       used 54586K, committed 55232K, reserved 1114112K
  class space    used 7522K, committed 7808K, reserved 1048576K
}
Event: 5.512 GC heap after
{Heap after GC invocations=14 (full 0):
 garbage-first heap   total 71680K, used 25724K [0x0000000084c00000, 0x0000000100000000)
  region size 1024K, 4 young (4096K), 4 survivors (4096K)
 Metaspace       used 54586K, committed 55232K, reserved 1114112K
  class space    used 7522K, committed 7808K, reserved 1048576K
}
Event: 5.752 GC heap before
{Heap before GC invocations=14 (full 0):
 garbage-first heap   total 71680K, used 56444K [0x0000000084c00000, 0x0000000100000000)
  region size 1024K, 34 young (34816K), 4 survivors (4096K)
 Metaspace       used 56058K, committed 56768K, reserved 1114112K
  class space    used 7726K, committed 8064K, reserved 1048576K
}
Event: 5.758 GC heap after
{Heap after GC invocations=15 (full 0):
 garbage-first heap   total 71680K, used 26897K [0x0000000084c00000, 0x0000000100000000)
  region size 1024K, 4 young (4096K), 4 survivors (4096K)
 Metaspace       used 56058K, committed 56768K, reserved 1114112K
  class space    used 7726K, committed 8064K, reserved 1048576K
}
Event: 6.270 GC heap before
{Heap before GC invocations=15 (full 0):
 garbage-first heap   total 71680K, used 56593K [0x0000000084c00000, 0x0000000100000000)
  region size 1024K, 33 young (33792K), 4 survivors (4096K)
 Metaspace       used 59006K, committed 59648K, reserved 1114112K
  class space    used 8159K, committed 8448K, reserved 1048576K
}
Event: 6.277 GC heap after
{Heap after GC invocations=16 (full 0):
 garbage-first heap   total 107520K, used 29404K [0x0000000084c00000, 0x0000000100000000)
  region size 1024K, 4 young (4096K), 4 survivors (4096K)
 Metaspace       used 59006K, committed 59648K, reserved 1114112K
  class space    used 8159K, committed 8448K, reserved 1048576K
}
Event: 10.381 GC heap before
{Heap before GC invocations=16 (full 0):
 garbage-first heap   total 107520K, used 46812K [0x0000000084c00000, 0x0000000100000000)
  region size 1024K, 22 young (22528K), 4 survivors (4096K)
 Metaspace       used 59946K, committed 60608K, reserved 1114112K
  class space    used 8303K, committed 8640K, reserved 1048576K
}
Event: 10.390 GC heap after
{Heap after GC invocations=17 (full 0):
 garbage-first heap   total 107520K, used 30594K [0x0000000084c00000, 0x0000000100000000)
  region size 1024K, 5 young (5120K), 5 survivors (5120K)
 Metaspace       used 59946K, committed 60608K, reserved 1114112K
  class space    used 8303K, committed 8640K, reserved 1048576K
}
Event: 11.406 GC heap before
{Heap before GC invocations=18 (full 0):
 garbage-first heap   total 107520K, used 105346K [0x0000000084c00000, 0x0000000100000000)
  region size 1024K, 44 young (45056K), 5 survivors (5120K)
 Metaspace       used 65751K, committed 66432K, reserved 1114112K
  class space    used 9148K, committed 9472K, reserved 1048576K
}
Event: 11.423 GC heap after
{Heap after GC invocations=19 (full 0):
 garbage-first heap   total 124928K, used 65836K [0x0000000084c00000, 0x0000000100000000)
  region size 1024K, 7 young (7168K), 7 survivors (7168K)
 Metaspace       used 65751K, committed 66432K, reserved 1114112K
  class space    used 9148K, committed 9472K, reserved 1048576K
}
Event: 11.425 GC heap before
{Heap before GC invocations=19 (full 0):
 garbage-first heap   total 124928K, used 65836K [0x0000000084c00000, 0x0000000100000000)
  region size 1024K, 8 young (8192K), 7 survivors (7168K)
 Metaspace       used 65751K, committed 66432K, reserved 1114112K
  class space    used 9148K, committed 9472K, reserved 1048576K
}
Event: 11.432 GC heap after
{Heap after GC invocations=20 (full 0):
 garbage-first heap   total 124928K, used 66720K [0x0000000084c00000, 0x0000000100000000)
  region size 1024K, 1 young (1024K), 1 survivors (1024K)
 Metaspace       used 65751K, committed 66432K, reserved 1114112K
  class space    used 9148K, committed 9472K, reserved 1048576K
}
Event: 18.675 GC heap before
{Heap before GC invocations=20 (full 0):
 garbage-first heap   total 124928K, used 114848K [0x0000000084c00000, 0x0000000100000000)
  region size 1024K, 28 young (28672K), 1 survivors (1024K)
 Metaspace       used 67140K, committed 67904K, reserved 1114112K
  class space    used 9344K, committed 9664K, reserved 1048576K
}
Event: 18.677 GC heap after
{Heap after GC invocations=21 (full 0):
 garbage-first heap   total 124928K, used 85730K [0x0000000084c00000, 0x0000000100000000)
  region size 1024K, 4 young (4096K), 4 survivors (4096K)
 Metaspace       used 67140K, committed 67904K, reserved 1114112K
  class space    used 9344K, committed 9664K, reserved 1048576K
}
Event: 20.646 GC heap before
{Heap before GC invocations=22 (full 0):
 garbage-first heap   total 150528K, used 106210K [0x0000000084c00000, 0x0000000100000000)
  region size 1024K, 17 young (17408K), 4 survivors (4096K)
 Metaspace       used 67141K, committed 67968K, reserved 1114112K
  class space    used 9346K, committed 9728K, reserved 1048576K
}
Event: 20.650 GC heap after
{Heap after GC invocations=23 (full 0):
 garbage-first heap   total 150528K, used 90883K [0x0000000084c00000, 0x0000000100000000)
  region size 1024K, 3 young (3072K), 3 survivors (3072K)
 Metaspace       used 67141K, committed 67968K, reserved 1114112K
  class space    used 9346K, committed 9728K, reserved 1048576K
}
Event: 20.757 GC heap before
{Heap before GC invocations=23 (full 0):
 garbage-first heap   total 150528K, used 106243K [0x0000000084c00000, 0x0000000100000000)
  region size 1024K, 7 young (7168K), 3 survivors (3072K)
 Metaspace       used 67142K, committed 67968K, reserved 1114112K
  class space    used 9347K, committed 9728K, reserved 1048576K
}
Event: 20.761 GC heap after
{Heap after GC invocations=24 (full 0):
 garbage-first heap   total 150528K, used 74952K [0x0000000084c00000, 0x0000000100000000)
  region size 1024K, 1 young (1024K), 1 survivors (1024K)
 Metaspace       used 67142K, committed 67968K, reserved 1114112K
  class space    used 9347K, committed 9728K, reserved 1048576K
}
Event: 22.666 GC heap before
{Heap before GC invocations=24 (full 0):
 garbage-first heap   total 152576K, used 150728K [0x0000000084c00000, 0x0000000100000000)
  region size 1024K, 18 young (18432K), 1 survivors (1024K)
 Metaspace       used 67381K, committed 68160K, reserved 1114112K
  class space    used 9387K, committed 9728K, reserved 1048576K
}

