# JRE version: Java(TM) SE Runtime Environment (19.0.2+7) (build 19.0.2+7-44)
# Java VM: Java HotSpot(TM) 64-Bit Server VM (19.0.2+7-44, mixed mode, emulated-client, sharing, tiered, compressed oops, compressed class ptrs, g1 gc, windows-amd64)
GC Precious Log:
 CardTable entry size: 512
 Card Set container configuration: InlinePtr #cards 5 size 8 Array Of Cards #cards 12 size 40 Howl #buckets 4 coarsen threshold 1843 Howl Bitmap #cards 512 size 80 coarsen threshold 460 Card regions per heap region 1 cards per card region 2048
 CPUs: 8 total, 8 available
 Memory: 7883M
 Large Page Support: Disabled
 NUMA Support: Disabled
 Compressed Oops: Enabled (32-bit)
 Heap Region Size: 1M
 Heap Min Capacity: 8M
 Heap Initial Capacity: 124M
 Heap Max Capacity: 1972M
 Pre-touch: Disabled
 Parallel Workers: 8
 Concurrent Workers: 2
 Concurrent Refinement Workers: 8
 Periodic GC: Disabled
Heap:
 garbage-first heap   total 348160K, used 175023K [0x0000000084c00000, 0x0000000100000000)
  region size 1024K, 6 young (6144K), 6 survivors (6144K)
 Metaspace       used 67391K, committed 68608K, reserved 1114112K
  class space    used 9351K, committed 9792K, reserved 1048576K
GC Heap History (20 events):
Event: 198.086 GC heap after
{Heap after GC invocations=27 (full 0):
 garbage-first heap   total 124928K, used 67051K [0x0000000084c00000, 0x0000000100000000)
  region size 1024K, 4 young (4096K), 4 survivors (4096K)
 Metaspace       used 67391K, committed 68608K, reserved 1114112K
  class space    used 9351K, committed 9792K, reserved 1048576K
}
Event: 198.091 GC heap before
{Heap before GC invocations=27 (full 0):
 garbage-first heap   total 124928K, used 70123K [0x0000000084c00000, 0x0000000100000000)
  region size 1024K, 6 young (6144K), 4 survivors (4096K)
 Metaspace       used 67391K, committed 68608K, reserved 1114112K
  class space    used 9351K, committed 9792K, reserved 1048576K
}
Event: 198.093 GC heap after
{Heap after GC invocations=28 (full 0):
 garbage-first heap   total 124928K, used 66518K [0x0000000084c00000, 0x0000000100000000)
  region size 1024K, 1 young (1024K), 1 survivors (1024K)
 Metaspace       used 67391K, committed 68608K, reserved 1114112K
  class space    used 9351K, committed 9792K, reserved 1048576K
}
Event: 198.095 GC heap before
{Heap before GC invocations=28 (full 0):
 garbage-first heap   total 124928K, used 66518K [0x0000000084c00000, 0x0000000100000000)
  region size 1024K, 2 young (2048K), 1 survivors (1024K)
 Metaspace       used 67391K, committed 68608K, reserved 1114112K
  class space    used 9351K, committed 9792K, reserved 1048576K
}
Event: 198.098 GC heap after
{Heap after GC invocations=29 (full 0):
 garbage-first heap   total 313344K, used 67502K [0x0000000084c00000, 0x0000000100000000)
  region size 1024K, 2 young (2048K), 2 survivors (2048K)
 Metaspace       used 67391K, committed 68608K, reserved 1114112K
  class space    used 9351K, committed 9792K, reserved 1048576K
}
Event: 198.107 GC heap before
{Heap before GC invocations=29 (full 0):
 garbage-first heap   total 313344K, used 68526K [0x0000000084c00000, 0x0000000100000000)
  region size 1024K, 4 young (4096K), 2 survivors (2048K)
 Metaspace       used 67391K, committed 68608K, reserved 1114112K
  class space    used 9351K, committed 9792K, reserved 1048576K
}
Event: 198.110 GC heap after
{Heap after GC invocations=30 (full 0):
 garbage-first heap   total 313344K, used 68037K [0x0000000084c00000, 0x0000000100000000)
  region size 1024K, 3 young (3072K), 3 survivors (3072K)
 Metaspace       used 67391K, committed 68608K, reserved 1114112K
  class space    used 9351K, committed 9792K, reserved 1048576K
}
Event: 198.643 GC heap before
{Heap before GC invocations=31 (full 0):
 garbage-first heap   total 264192K, used 262597K [0x0000000084c00000, 0x0000000100000000)
  region size 1024K, 102 young (104448K), 3 survivors (3072K)
 Metaspace       used 67391K, committed 68608K, reserved 1114112K
  class space    used 9351K, committed 9792K, reserved 1048576K
}
Event: 198.657 GC heap after
{Heap after GC invocations=32 (full 0):
 garbage-first heap   total 313344K, used 114606K [0x0000000084c00000, 0x0000000100000000)
  region size 1024K, 14 young (14336K), 14 survivors (14336K)
 Metaspace       used 67391K, committed 68608K, reserved 1114112K
  class space    used 9351K, committed 9792K, reserved 1048576K
}
Event: 198.663 GC heap before
{Heap before GC invocations=32 (full 0):
 garbage-first heap   total 313344K, used 116654K [0x0000000084c00000, 0x0000000100000000)
  region size 1024K, 15 young (15360K), 14 survivors (14336K)
 Metaspace       used 67391K, committed 68608K, reserved 1114112K
  class space    used 9351K, committed 9792K, reserved 1048576K
}
Event: 198.665 GC heap after
{Heap after GC invocations=33 (full 0):
 garbage-first heap   total 313344K, used 113659K [0x0000000084c00000, 0x0000000100000000)
  region size 1024K, 1 young (1024K), 1 survivors (1024K)
 Metaspace       used 67391K, committed 68608K, reserved 1114112K
  class space    used 9351K, committed 9792K, reserved 1048576K
}
Event: 198.927 GC heap before
{Heap before GC invocations=33 (full 0):
 garbage-first heap   total 313344K, used 208891K [0x0000000084c00000, 0x0000000100000000)
  region size 1024K, 51 young (52224K), 1 survivors (1024K)
 Metaspace       used 67391K, committed 68608K, reserved 1114112K
  class space    used 9351K, committed 9792K, reserved 1048576K
}
Event: 198.932 GC heap after
{Heap after GC invocations=34 (full 0):
 garbage-first heap   total 313344K, used 137134K [0x0000000084c00000, 0x0000000100000000)
  region size 1024K, 10 young (10240K), 10 survivors (10240K)
 Metaspace       used 67391K, committed 68608K, reserved 1114112K
  class space    used 9351K, committed 9792K, reserved 1048576K
}
Event: 198.940 GC heap before
{Heap before GC invocations=34 (full 0):
 garbage-first heap   total 313344K, used 139182K [0x0000000084c00000, 0x0000000100000000)
  region size 1024K, 12 young (12288K), 10 survivors (10240K)
 Metaspace       used 67391K, committed 68608K, reserved 1114112K
  class space    used 9351K, committed 9792K, reserved 1048576K
}
Event: 198.942 GC heap after
{Heap after GC invocations=35 (full 0):
 garbage-first heap   total 313344K, used 137427K [0x0000000084c00000, 0x0000000100000000)
  region size 1024K, 1 young (1024K), 1 survivors (1024K)
 Metaspace       used 67391K, committed 68608K, reserved 1114112K
  class space    used 9351K, committed 9792K, reserved 1048576K
}
Event: 199.287 GC heap before
{Heap before GC invocations=36 (full 0):
 garbage-first heap   total 313344K, used 268499K [0x0000000084c00000, 0x0000000100000000)
  region size 1024K, 68 young (69632K), 1 survivors (1024K)
 Metaspace       used 67391K, committed 68608K, reserved 1114112K
  class space    used 9351K, committed 9792K, reserved 1048576K
}
Event: 199.291 GC heap after
{Heap after GC invocations=37 (full 0):
 garbage-first heap   total 313344K, used 169411K [0x0000000084c00000, 0x0000000100000000)
  region size 1024K, 9 young (9216K), 9 survivors (9216K)
 Metaspace       used 67391K, committed 68608K, reserved 1114112K
  class space    used 9351K, committed 9792K, reserved 1048576K
}
Event: 199.324 GC heap before
{Heap before GC invocations=37 (full 0):
 garbage-first heap   total 313344K, used 180675K [0x0000000084c00000, 0x0000000100000000)
  region size 1024K, 15 young (15360K), 9 survivors (9216K)
 Metaspace       used 67391K, committed 68608K, reserved 1114112K
  class space    used 9351K, committed 9792K, reserved 1048576K
}
Event: 199.326 GC heap after
{Heap after GC invocations=38 (full 0):
 garbage-first heap   total 313344K, used 172483K [0x0000000084c00000, 0x0000000100000000)
  region size 1024K, 2 young (2048K), 2 survivors (2048K)
 Metaspace       used 67391K, committed 68608K, reserved 1114112K
  class space    used 9351K, committed 9792K, reserved 1048576K
}
Event: 199.354 GC heap before
{Heap before GC invocations=38 (full 0):
 garbage-first heap   total 313344K, used 182723K [0x0000000084c00000, 0x0000000100000000)
  region size 1024K, 9 young (9216K), 2 survivors (2048K)
 Metaspace       used 67391K, committed 68608K, reserved 1114112K
  class space    used 9351K, committed 9792K, reserved 1048576K
}

