# JRE version: Java(TM) SE Runtime Environment (19.0.2+7) (build 19.0.2+7-44)
# Java VM: Java HotSpot(TM) 64-Bit Server VM (19.0.2+7-44, mixed mode, emulated-client, sharing, tiered, compressed oops, compressed class ptrs, g1 gc, windows-amd64)
GC Precious Log:
 CardTable entry size: 512
 Card Set container configuration: InlinePtr #cards 5 size 8 Array Of Cards #cards 12 size 40 Howl #buckets 4 coarsen threshold 1843 Howl Bitmap #cards 512 size 80 coarsen threshold 460 Card regions per heap region 1 cards per card region 2048
 CPUs: 8 total, 8 available
 Memory: 7883M
 Large Page Support: Disabled
 NUMA Support: Disabled
 Compressed Oops: Enabled (32-bit)
 Heap Region Size: 1M
 Heap Min Capacity: 8M
 Heap Initial Capacity: 124M
 Heap Max Capacity: 1972M
 Pre-touch: Disabled
 Parallel Workers: 8
 Concurrent Workers: 2
 Concurrent Refinement Workers: 8
 Periodic GC: Disabled
Heap:
 garbage-first heap   total 581632K, used 501187K [0x0000000084c00000, 0x0000000100000000)
  region size 1024K, 3 young (3072K), 3 survivors (3072K)
 Metaspace       used 67183K, committed 67904K, reserved 1114112K
  class space    used 9350K, committed 9664K, reserved 1048576K
GC Heap History (20 events):
Event: 54.958 GC heap after
{Heap after GC invocations=43 (full 0):
 garbage-first heap   total 581632K, used 391619K [0x0000000084c00000, 0x0000000100000000)
  region size 1024K, 2 young (2048K), 2 survivors (2048K)
 Metaspace       used 67183K, committed 67904K, reserved 1114112K
  class space    used 9350K, committed 9664K, reserved 1048576K
}
Event: 55.256 GC heap before
{Heap before GC invocations=43 (full 0):
 garbage-first heap   total 581632K, used 511427K [0x0000000084c00000, 0x0000000100000000)
  region size 1024K, 63 young (64512K), 2 survivors (2048K)
 Metaspace       used 67183K, committed 67904K, reserved 1114112K
  class space    used 9350K, committed 9664K, reserved 1048576K
}
Event: 55.261 GC heap after
{Heap after GC invocations=44 (full 0):
 garbage-first heap   total 581632K, used 420333K [0x0000000084c00000, 0x0000000100000000)
  region size 1024K, 8 young (8192K), 8 survivors (8192K)
 Metaspace       used 67183K, committed 67904K, reserved 1114112K
  class space    used 9350K, committed 9664K, reserved 1048576K
}
Event: 55.433 GC heap before
{Heap before GC invocations=44 (full 0):
 garbage-first heap   total 581632K, used 512493K [0x0000000084c00000, 0x0000000100000000)
  region size 1024K, 55 young (56320K), 8 survivors (8192K)
 Metaspace       used 67183K, committed 67904K, reserved 1114112K
  class space    used 9350K, committed 9664K, reserved 1048576K
}
Event: 55.438 GC heap after
{Heap after GC invocations=45 (full 0):
 garbage-first heap   total 581632K, used 442859K [0x0000000084c00000, 0x0000000100000000)
  region size 1024K, 7 young (7168K), 7 survivors (7168K)
 Metaspace       used 67183K, committed 67904K, reserved 1114112K
  class space    used 9350K, committed 9664K, reserved 1048576K
}
Event: 55.614 GC heap before
{Heap before GC invocations=45 (full 0):
 garbage-first heap   total 581632K, used 514539K [0x0000000084c00000, 0x0000000100000000)
  region size 1024K, 44 young (45056K), 7 survivors (7168K)
 Metaspace       used 67183K, committed 67904K, reserved 1114112K
  class space    used 9350K, committed 9664K, reserved 1048576K
}
Event: 55.619 GC heap after
{Heap after GC invocations=46 (full 0):
 garbage-first heap   total 581632K, used 460758K [0x0000000084c00000, 0x0000000100000000)
  region size 1024K, 6 young (6144K), 6 survivors (6144K)
 Metaspace       used 67183K, committed 67904K, reserved 1114112K
  class space    used 9350K, committed 9664K, reserved 1048576K
}
Event: 55.716 GC heap before
{Heap before GC invocations=46 (full 0):
 garbage-first heap   total 581632K, used 515030K [0x0000000084c00000, 0x0000000100000000)
  region size 1024K, 34 young (34816K), 6 survivors (6144K)
 Metaspace       used 67183K, committed 67904K, reserved 1114112K
  class space    used 9350K, committed 9664K, reserved 1048576K
}
Event: 55.719 GC heap after
{Heap after GC invocations=47 (full 0):
 garbage-first heap   total 581632K, used 474070K [0x0000000084c00000, 0x0000000100000000)
  region size 1024K, 5 young (5120K), 5 survivors (5120K)
 Metaspace       used 67183K, committed 67904K, reserved 1114112K
  class space    used 9350K, committed 9664K, reserved 1048576K
}
Event: 55.816 GC heap before
{Heap before GC invocations=47 (full 0):
 garbage-first heap   total 581632K, used 518102K [0x0000000084c00000, 0x0000000100000000)
  region size 1024K, 28 young (28672K), 5 survivors (5120K)
 Metaspace       used 67183K, committed 67904K, reserved 1114112K
  class space    used 9350K, committed 9664K, reserved 1048576K
}
Event: 55.819 GC heap after
{Heap after GC invocations=48 (full 0):
 garbage-first heap   total 581632K, used 484843K [0x0000000084c00000, 0x0000000100000000)
  region size 1024K, 4 young (4096K), 4 survivors (4096K)
 Metaspace       used 67183K, committed 67904K, reserved 1114112K
  class space    used 9350K, committed 9664K, reserved 1048576K
}
Event: 55.919 GC heap before
{Heap before GC invocations=48 (full 0):
 garbage-first heap   total 581632K, used 515563K [0x0000000084c00000, 0x0000000100000000)
  region size 1024K, 21 young (21504K), 4 survivors (4096K)
 Metaspace       used 67183K, committed 67904K, reserved 1114112K
  class space    used 9350K, committed 9664K, reserved 1048576K
}
Event: 55.922 GC heap after
{Heap after GC invocations=49 (full 0):
 garbage-first heap   total 581632K, used 493035K [0x0000000084c00000, 0x0000000100000000)
  region size 1024K, 4 young (4096K), 4 survivors (4096K)
 Metaspace       used 67183K, committed 67904K, reserved 1114112K
  class space    used 9350K, committed 9664K, reserved 1048576K
}
Event: 55.975 GC heap before
{Heap before GC invocations=49 (full 0):
 garbage-first heap   total 581632K, used 508395K [0x0000000084c00000, 0x0000000100000000)
  region size 1024K, 13 young (13312K), 4 survivors (4096K)
 Metaspace       used 67183K, committed 67904K, reserved 1114112K
  class space    used 9350K, committed 9664K, reserved 1048576K
}
Event: 55.979 GC heap after
{Heap after GC invocations=50 (full 0):
 garbage-first heap   total 581632K, used 497131K [0x0000000084c00000, 0x0000000100000000)
  region size 1024K, 4 young (4096K), 4 survivors (4096K)
 Metaspace       used 67183K, committed 67904K, reserved 1114112K
  class space    used 9350K, committed 9664K, reserved 1048576K
}
Event: 56.018 GC heap before
{Heap before GC invocations=50 (full 0):
 garbage-first heap   total 581632K, used 506347K [0x0000000084c00000, 0x0000000100000000)
  region size 1024K, 10 young (10240K), 4 survivors (4096K)
 Metaspace       used 67183K, committed 67904K, reserved 1114112K
  class space    used 9350K, committed 9664K, reserved 1048576K
}
Event: 56.022 GC heap after
{Heap after GC invocations=51 (full 0):
 garbage-first heap   total 581632K, used 499670K [0x0000000084c00000, 0x0000000100000000)
  region size 1024K, 4 young (4096K), 4 survivors (4096K)
 Metaspace       used 67183K, committed 67904K, reserved 1114112K
  class space    used 9350K, committed 9664K, reserved 1048576K
}
Event: 56.038 GC heap before
{Heap before GC invocations=51 (full 0):
 garbage-first heap   total 581632K, used 502742K [0x0000000084c00000, 0x0000000100000000)
  region size 1024K, 7 young (7168K), 4 survivors (4096K)
 Metaspace       used 67183K, committed 67904K, reserved 1114112K
  class space    used 9350K, committed 9664K, reserved 1048576K
}
Event: 56.041 GC heap after
{Heap after GC invocations=52 (full 0):
 garbage-first heap   total 581632K, used 500656K [0x0000000084c00000, 0x0000000100000000)
  region size 1024K, 2 young (2048K), 2 survivors (2048K)
 Metaspace       used 67183K, committed 67904K, reserved 1114112K
  class space    used 9350K, committed 9664K, reserved 1048576K
}
Event: 56.049 GC heap before
{Heap before GC invocations=52 (full 0):
 garbage-first heap   total 581632K, used 502704K [0x0000000084c00000, 0x0000000100000000)
  region size 1024K, 4 young (4096K), 2 survivors (2048K)
 Metaspace       used 67183K, committed 67904K, reserved 1114112K
  class space    used 9350K, committed 9664K, reserved 1048576K
}

