# JRE version: Java(TM) SE Runtime Environment (19.0.2+7) (build 19.0.2+7-44)
# Java VM: Java HotSpot(TM) 64-Bit Server VM (19.0.2+7-44, mixed mode, emulated-client, sharing, tiered, compressed oops, compressed class ptrs, g1 gc, windows-amd64)
GC Precious Log:
 CardTable entry size: 512
 Card Set container configuration: InlinePtr #cards 5 size 8 Array Of Cards #cards 12 size 40 Howl #buckets 4 coarsen threshold 1843 Howl Bitmap #cards 512 size 80 coarsen threshold 460 Card regions per heap region 1 cards per card region 2048
 CPUs: 8 total, 8 available
 Memory: 7883M
 Large Page Support: Disabled
 NUMA Support: Disabled
 Compressed Oops: Enabled (32-bit)
 Heap Region Size: 1M
 Heap Min Capacity: 8M
 Heap Initial Capacity: 124M
 Heap Max Capacity: 1972M
 Pre-touch: Disabled
 Parallel Workers: 8
 Concurrent Workers: 2
 Concurrent Refinement Workers: 8
 Periodic GC: Disabled
Heap:
 garbage-first heap   total 51200K, used 22275K [0x0000000084c00000, 0x0000000100000000)
  region size 1024K, 2 young (2048K), 2 survivors (2048K)
 Metaspace       used 47491K, committed 47936K, reserved 1114112K
  class space    used 6524K, committed 6720K, reserved 1048576K
GC Heap History (20 events):
Event: 2.281 GC heap after
{Heap after GC invocations=4 (full 0):
 garbage-first heap   total 126976K, used 13632K [0x0000000084c00000, 0x0000000100000000)
  region size 1024K, 5 young (5120K), 5 survivors (5120K)
 Metaspace       used 21204K, committed 21504K, reserved 1114112K
  class space    used 2679K, committed 2816K, reserved 1048576K
}
Event: 2.728 GC heap before
{Heap before GC invocations=5 (full 0):
 garbage-first heap   total 51200K, used 39232K [0x0000000084c00000, 0x0000000100000000)
  region size 1024K, 30 young (30720K), 5 survivors (5120K)
 Metaspace       used 24248K, committed 24640K, reserved 1114112K
  class space    used 3138K, committed 3328K, reserved 1048576K
}
Event: 2.733 GC heap after
{Heap after GC invocations=6 (full 0):
 garbage-first heap   total 51200K, used 15231K [0x0000000084c00000, 0x0000000100000000)
  region size 1024K, 3 young (3072K), 3 survivors (3072K)
 Metaspace       used 24248K, committed 24640K, reserved 1114112K
  class space    used 3138K, committed 3328K, reserved 1048576K
}
Event: 2.751 GC heap before
{Heap before GC invocations=6 (full 0):
 garbage-first heap   total 51200K, used 16255K [0x0000000084c00000, 0x0000000100000000)
  region size 1024K, 4 young (4096K), 3 survivors (3072K)
 Metaspace       used 24294K, committed 24640K, reserved 1114112K
  class space    used 3146K, committed 3328K, reserved 1048576K
}
Event: 2.754 GC heap after
{Heap after GC invocations=7 (full 0):
 garbage-first heap   total 51200K, used 15512K [0x0000000084c00000, 0x0000000100000000)
  region size 1024K, 1 young (1024K), 1 survivors (1024K)
 Metaspace       used 24294K, committed 24640K, reserved 1114112K
  class space    used 3146K, committed 3328K, reserved 1048576K
}
Event: 3.050 GC heap before
{Heap before GC invocations=7 (full 0):
 garbage-first heap   total 51200K, used 35992K [0x0000000084c00000, 0x0000000100000000)
  region size 1024K, 22 young (22528K), 1 survivors (1024K)
 Metaspace       used 27889K, committed 28352K, reserved 1114112K
  class space    used 3654K, committed 3904K, reserved 1048576K
}
Event: 3.052 GC heap after
{Heap after GC invocations=8 (full 0):
 garbage-first heap   total 51200K, used 17471K [0x0000000084c00000, 0x0000000100000000)
  region size 1024K, 3 young (3072K), 3 survivors (3072K)
 Metaspace       used 27889K, committed 28352K, reserved 1114112K
  class space    used 3654K, committed 3904K, reserved 1048576K
}
Event: 3.246 GC heap before
{Heap before GC invocations=8 (full 0):
 garbage-first heap   total 51200K, used 37951K [0x0000000084c00000, 0x0000000100000000)
  region size 1024K, 23 young (23552K), 3 survivors (3072K)
 Metaspace       used 29808K, committed 30208K, reserved 1114112K
  class space    used 3894K, committed 4096K, reserved 1048576K
}
Event: 3.249 GC heap after
{Heap after GC invocations=9 (full 0):
 garbage-first heap   total 51200K, used 18426K [0x0000000084c00000, 0x0000000100000000)
  region size 1024K, 1 young (1024K), 1 survivors (1024K)
 Metaspace       used 29808K, committed 30208K, reserved 1114112K
  class space    used 3894K, committed 4096K, reserved 1048576K
}
Event: 3.526 GC heap before
{Heap before GC invocations=9 (full 0):
 garbage-first heap   total 51200K, used 38906K [0x0000000084c00000, 0x0000000100000000)
  region size 1024K, 21 young (21504K), 1 survivors (1024K)
 Metaspace       used 34418K, committed 34880K, reserved 1114112K
  class space    used 4624K, committed 4864K, reserved 1048576K
}
Event: 3.528 GC heap after
{Heap after GC invocations=10 (full 0):
 garbage-first heap   total 51200K, used 19258K [0x0000000084c00000, 0x0000000100000000)
  region size 1024K, 2 young (2048K), 2 survivors (2048K)
 Metaspace       used 34418K, committed 34880K, reserved 1114112K
  class space    used 4624K, committed 4864K, reserved 1048576K
}
Event: 3.591 GC heap before
{Heap before GC invocations=10 (full 0):
 garbage-first heap   total 51200K, used 23354K [0x0000000084c00000, 0x0000000100000000)
  region size 1024K, 7 young (7168K), 2 survivors (2048K)
 Metaspace       used 35686K, committed 36096K, reserved 1114112K
  class space    used 4809K, committed 4992K, reserved 1048576K
}
Event: 3.593 GC heap after
{Heap after GC invocations=11 (full 0):
 garbage-first heap   total 51200K, used 19479K [0x0000000084c00000, 0x0000000100000000)
  region size 1024K, 2 young (2048K), 2 survivors (2048K)
 Metaspace       used 35686K, committed 36096K, reserved 1114112K
  class space    used 4809K, committed 4992K, reserved 1048576K
}
Event: 3.909 GC heap before
{Heap before GC invocations=12 (full 0):
 garbage-first heap   total 51200K, used 39959K [0x0000000084c00000, 0x0000000100000000)
  region size 1024K, 22 young (22528K), 2 survivors (2048K)
 Metaspace       used 40500K, committed 40896K, reserved 1114112K
  class space    used 5481K, committed 5696K, reserved 1048576K
}
Event: 3.912 GC heap after
{Heap after GC invocations=13 (full 0):
 garbage-first heap   total 51200K, used 20765K [0x0000000084c00000, 0x0000000100000000)
  region size 1024K, 3 young (3072K), 3 survivors (3072K)
 Metaspace       used 40500K, committed 40896K, reserved 1114112K
  class space    used 5481K, committed 5696K, reserved 1048576K
}
Event: 3.923 GC heap before
{Heap before GC invocations=13 (full 0):
 garbage-first heap   total 51200K, used 21789K [0x0000000084c00000, 0x0000000100000000)
  region size 1024K, 4 young (4096K), 3 survivors (3072K)
 Metaspace       used 40710K, committed 41088K, reserved 1114112K
  class space    used 5501K, committed 5696K, reserved 1048576K
}
Event: 3.926 GC heap after
{Heap after GC invocations=14 (full 0):
 garbage-first heap   total 51200K, used 20760K [0x0000000084c00000, 0x0000000100000000)
  region size 1024K, 1 young (1024K), 1 survivors (1024K)
 Metaspace       used 40710K, committed 41088K, reserved 1114112K
  class space    used 5501K, committed 5696K, reserved 1048576K
}
Event: 4.196 GC heap before
{Heap before GC invocations=14 (full 0):
 garbage-first heap   total 51200K, used 39192K [0x0000000084c00000, 0x0000000100000000)
  region size 1024K, 20 young (20480K), 1 survivors (1024K)
 Metaspace       used 44745K, committed 45184K, reserved 1114112K
  class space    used 6113K, committed 6336K, reserved 1048576K
}
Event: 4.198 GC heap after
{Heap after GC invocations=15 (full 0):
 garbage-first heap   total 51200K, used 21522K [0x0000000084c00000, 0x0000000100000000)
  region size 1024K, 2 young (2048K), 2 survivors (2048K)
 Metaspace       used 44745K, committed 45184K, reserved 1114112K
  class space    used 6113K, committed 6336K, reserved 1048576K
}
Event: 4.545 GC heap before
{Heap before GC invocations=15 (full 0):
 garbage-first heap   total 51200K, used 39954K [0x0000000084c00000, 0x0000000100000000)
  region size 1024K, 21 young (21504K), 2 survivors (2048K)
 Metaspace       used 47491K, committed 47936K, reserved 1114112K
  class space    used 6524K, committed 6720K, reserved 1048576K
}

