# JRE version: Java(TM) SE Runtime Environment (19.0.2+7) (build 19.0.2+7-44)
# Java VM: Java HotSpot(TM) 64-Bit Server VM (19.0.2+7-44, mixed mode, emulated-client, sharing, tiered, compressed oops, compressed class ptrs, g1 gc, windows-amd64)
GC Precious Log:
 CardTable entry size: 512
 Card Set container configuration: InlinePtr #cards 5 size 8 Array Of Cards #cards 12 size 40 Howl #buckets 4 coarsen threshold 1843 Howl Bitmap #cards 512 size 80 coarsen threshold 460 Card regions per heap region 1 cards per card region 2048
 CPUs: 8 total, 8 available
 Memory: 7883M
 Large Page Support: Disabled
 NUMA Support: Disabled
 Compressed Oops: Enabled (32-bit)
 Heap Region Size: 1M
 Heap Min Capacity: 8M
 Heap Initial Capacity: 124M
 Heap Max Capacity: 1972M
 Pre-touch: Disabled
 Parallel Workers: 8
 Concurrent Workers: 2
 Concurrent Refinement Workers: 8
 Periodic GC: Disabled
Heap:
 garbage-first heap   total 523264K, used 469464K [0x0000000084c00000, 0x0000000100000000)
  region size 1024K, 2 young (2048K), 2 survivors (2048K)
 Metaspace       used 66776K, committed 67712K, reserved 1114112K
  class space    used 9282K, committed 9664K, reserved 1048576K
GC Heap History (20 events):
Event: 45.176 GC heap after
{Heap after GC invocations=34 (full 0):
 garbage-first heap   total 523264K, used 400883K [0x0000000084c00000, 0x0000000100000000)
  region size 1024K, 6 young (6144K), 6 survivors (6144K)
 Metaspace       used 66775K, committed 67712K, reserved 1114112K
  class space    used 9282K, committed 9664K, reserved 1048576K
}
Event: 45.407 GC heap before
{Heap before GC invocations=34 (full 0):
 garbage-first heap   total 523264K, used 461299K [0x0000000084c00000, 0x0000000100000000)
  region size 1024K, 37 young (37888K), 6 survivors (6144K)
 Metaspace       used 66775K, committed 67712K, reserved 1114112K
  class space    used 9282K, committed 9664K, reserved 1048576K
}
Event: 45.410 GC heap after
{Heap after GC invocations=35 (full 0):
 garbage-first heap   total 523264K, used 415718K [0x0000000084c00000, 0x0000000100000000)
  region size 1024K, 5 young (5120K), 5 survivors (5120K)
 Metaspace       used 66775K, committed 67712K, reserved 1114112K
  class space    used 9282K, committed 9664K, reserved 1048576K
}
Event: 45.556 GC heap before
{Heap before GC invocations=35 (full 0):
 garbage-first heap   total 523264K, used 461798K [0x0000000084c00000, 0x0000000100000000)
  region size 1024K, 29 young (29696K), 5 survivors (5120K)
 Metaspace       used 66775K, committed 67712K, reserved 1114112K
  class space    used 9282K, committed 9664K, reserved 1048576K
}
Event: 45.558 GC heap after
{Heap after GC invocations=36 (full 0):
 garbage-first heap   total 523264K, used 427507K [0x0000000084c00000, 0x0000000100000000)
  region size 1024K, 4 young (4096K), 4 survivors (4096K)
 Metaspace       used 66775K, committed 67712K, reserved 1114112K
  class space    used 9282K, committed 9664K, reserved 1048576K
}
Event: 45.671 GC heap before
{Heap before GC invocations=36 (full 0):
 garbage-first heap   total 523264K, used 467443K [0x0000000084c00000, 0x0000000100000000)
  region size 1024K, 25 young (25600K), 4 survivors (4096K)
 Metaspace       used 66775K, committed 67712K, reserved 1114112K
  class space    used 9282K, committed 9664K, reserved 1048576K
}
Event: 45.674 GC heap after
{Heap after GC invocations=37 (full 0):
 garbage-first heap   total 523264K, used 437222K [0x0000000084c00000, 0x0000000100000000)
  region size 1024K, 4 young (4096K), 4 survivors (4096K)
 Metaspace       used 66775K, committed 67712K, reserved 1114112K
  class space    used 9282K, committed 9664K, reserved 1048576K
}
Event: 45.827 GC heap before
{Heap before GC invocations=37 (full 0):
 garbage-first heap   total 523264K, used 477158K [0x0000000084c00000, 0x0000000100000000)
  region size 1024K, 25 young (25600K), 4 survivors (4096K)
 Metaspace       used 66775K, committed 67712K, reserved 1114112K
  class space    used 9282K, committed 9664K, reserved 1048576K
}
Event: 45.831 GC heap after
{Heap after GC invocations=38 (full 0):
 garbage-first heap   total 523264K, used 446963K [0x0000000084c00000, 0x0000000100000000)
  region size 1024K, 4 young (4096K), 4 survivors (4096K)
 Metaspace       used 66775K, committed 67712K, reserved 1114112K
  class space    used 9282K, committed 9664K, reserved 1048576K
}
Event: 45.971 GC heap before
{Heap before GC invocations=38 (full 0):
 garbage-first heap   total 523264K, used 486899K [0x0000000084c00000, 0x0000000100000000)
  region size 1024K, 25 young (25600K), 4 survivors (4096K)
 Metaspace       used 66776K, committed 67712K, reserved 1114112K
  class space    used 9282K, committed 9664K, reserved 1048576K
}
Event: 45.973 GC heap after
{Heap after GC invocations=39 (full 0):
 garbage-first heap   total 523264K, used 456678K [0x0000000084c00000, 0x0000000100000000)
  region size 1024K, 4 young (4096K), 4 survivors (4096K)
 Metaspace       used 66776K, committed 67712K, reserved 1114112K
  class space    used 9282K, committed 9664K, reserved 1048576K
}
Event: 46.011 GC heap before
{Heap before GC invocations=39 (full 0):
 garbage-first heap   total 523264K, used 483302K [0x0000000084c00000, 0x0000000100000000)
  region size 1024K, 19 young (19456K), 4 survivors (4096K)
 Metaspace       used 66776K, committed 67712K, reserved 1114112K
  class space    used 9282K, committed 9664K, reserved 1048576K
}
Event: 46.013 GC heap after
{Heap after GC invocations=40 (full 0):
 garbage-first heap   total 523264K, used 463349K [0x0000000084c00000, 0x0000000100000000)
  region size 1024K, 4 young (4096K), 4 survivors (4096K)
 Metaspace       used 66776K, committed 67712K, reserved 1114112K
  class space    used 9282K, committed 9664K, reserved 1048576K
}
Event: 46.030 GC heap before
{Heap before GC invocations=40 (full 0):
 garbage-first heap   total 523264K, used 474613K [0x0000000084c00000, 0x0000000100000000)
  region size 1024K, 11 young (11264K), 4 survivors (4096K)
 Metaspace       used 66776K, committed 67712K, reserved 1114112K
  class space    used 9282K, committed 9664K, reserved 1048576K
}
Event: 46.031 GC heap after
{Heap after GC invocations=41 (full 0):
 garbage-first heap   total 523264K, used 466392K [0x0000000084c00000, 0x0000000100000000)
  region size 1024K, 4 young (4096K), 4 survivors (4096K)
 Metaspace       used 66776K, committed 67712K, reserved 1114112K
  class space    used 9282K, committed 9664K, reserved 1048576K
}
Event: 46.040 GC heap before
{Heap before GC invocations=41 (full 0):
 garbage-first heap   total 523264K, used 471512K [0x0000000084c00000, 0x0000000100000000)
  region size 1024K, 8 young (8192K), 4 survivors (4096K)
 Metaspace       used 66776K, committed 67712K, reserved 1114112K
  class space    used 9282K, committed 9664K, reserved 1048576K
}
Event: 46.042 GC heap after
{Heap after GC invocations=42 (full 0):
 garbage-first heap   total 523264K, used 468440K [0x0000000084c00000, 0x0000000100000000)
  region size 1024K, 3 young (3072K), 3 survivors (3072K)
 Metaspace       used 66776K, committed 67712K, reserved 1114112K
  class space    used 9282K, committed 9664K, reserved 1048576K
}
Event: 46.046 GC heap before
{Heap before GC invocations=42 (full 0):
 garbage-first heap   total 523264K, used 469464K [0x0000000084c00000, 0x0000000100000000)
  region size 1024K, 5 young (5120K), 3 survivors (3072K)
 Metaspace       used 66776K, committed 67712K, reserved 1114112K
  class space    used 9282K, committed 9664K, reserved 1048576K
}
Event: 46.047 GC heap after
{Heap after GC invocations=43 (full 0):
 garbage-first heap   total 523264K, used 468939K [0x0000000084c00000, 0x0000000100000000)
  region size 1024K, 3 young (3072K), 3 survivors (3072K)
 Metaspace       used 66776K, committed 67712K, reserved 1114112K
  class space    used 9282K, committed 9664K, reserved 1048576K
}
Event: 46.051 GC heap before
{Heap before GC invocations=43 (full 0):
 garbage-first heap   total 523264K, used 469963K [0x0000000084c00000, 0x0000000100000000)
  region size 1024K, 5 young (5120K), 3 survivors (3072K)
 Metaspace       used 66776K, committed 67712K, reserved 1114112K
  class space    used 9282K, committed 9664K, reserved 1048576K
}

